{"/Users/nikhilsengar/Desktop/Programming/playground/node/hello world/testCases.js": {"path":"/Users/nikhilsengar/Desktop/Programming/playground/node/hello world/testCases.js","all":false,"statementMap":{"0":{"start":{"line":1,"column":0},"end":{"line":1,"column":47}},"1":{"start":{"line":2,"column":0},"end":{"line":2,"column":43}},"2":{"start":{"line":3,"column":0},"end":{"line":3,"column":41}},"3":{"start":{"line":4,"column":0},"end":{"line":4,"column":3}},"4":{"start":{"line":5,"column":0},"end":{"line":5,"column":0}},"5":{"start":{"line":6,"column":0},"end":{"line":6,"column":33}},"6":{"start":{"line":7,"column":0},"end":{"line":7,"column":41}},"7":{"start":{"line":8,"column":0},"end":{"line":8,"column":3}},"8":{"start":{"line":9,"column":0},"end":{"line":9,"column":0}},"9":{"start":{"line":10,"column":0},"end":{"line":10,"column":15}},"10":{"start":{"line":11,"column":0},"end":{"line":11,"column":2}}},"s":{"0":1,"1":6,"2":1,"3":1,"4":5,"5":6,"6":1,"7":1,"8":4,"9":4,"10":4},"branchMap":{"0":{"type":"branch","line":1,"loc":{"start":{"line":1,"column":17},"end":{"line":11,"column":2}},"locations":[{"start":{"line":1,"column":17},"end":{"line":11,"column":2}}]},"1":{"type":"branch","line":2,"loc":{"start":{"line":2,"column":21},"end":{"line":2,"column":40}},"locations":[{"start":{"line":2,"column":21},"end":{"line":2,"column":40}}]},"2":{"type":"branch","line":2,"loc":{"start":{"line":2,"column":42},"end":{"line":4,"column":3}},"locations":[{"start":{"line":2,"column":42},"end":{"line":4,"column":3}}]},"3":{"type":"branch","line":4,"loc":{"start":{"line":4,"column":2},"end":{"line":6,"column":20}},"locations":[{"start":{"line":4,"column":2},"end":{"line":6,"column":20}}]},"4":{"type":"branch","line":6,"loc":{"start":{"line":6,"column":16},"end":{"line":6,"column":30}},"locations":[{"start":{"line":6,"column":16},"end":{"line":6,"column":30}}]},"5":{"type":"branch","line":6,"loc":{"start":{"line":6,"column":32},"end":{"line":8,"column":3}},"locations":[{"start":{"line":6,"column":32},"end":{"line":8,"column":3}}]},"6":{"type":"branch","line":8,"loc":{"start":{"line":8,"column":2},"end":{"line":11,"column":2}},"locations":[{"start":{"line":8,"column":2},"end":{"line":11,"column":2}}]}},"b":{"0":[6],"1":[5],"2":[1],"3":[5],"4":[4],"5":[1],"6":[4]},"fnMap":{"0":{"name":"addTwoNumbers","decl":{"start":{"line":1,"column":17},"end":{"line":11,"column":2}},"loc":{"start":{"line":1,"column":17},"end":{"line":11,"column":2}},"line":1}},"f":{"0":6}}
}
